<?xml version="1.0" encoding="UTF-8" standalone="no"?>
<!DOCTYPE log SYSTEM "logger.dtd">
<log>
<record>
  <date>2024-10-21T11:27:06.439608687Z</date>
  <millis>1729510026439</millis>
  <nanos>608687</nanos>
  <sequence>0</sequence>
  <logger>fr.tp.inf112.projects.robotsim.app.SimulatorApplication</logger>
  <level>INFO</level>
  <class>fr.tp.inf112.projects.robotsim.app.SimulatorApplication</class>
  <method>main</method>
  <thread>1</thread>
  <message>Starting the robot simulator...</message>
</record>
<record>
  <date>2024-10-21T11:27:06.484990810Z</date>
  <millis>1729510026484</millis>
  <nanos>990810</nanos>
  <sequence>1</sequence>
  <logger>fr.tp.inf112.projects.robotsim.app.SimulatorApplication</logger>
  <level>CONFIG</level>
  <class>fr.tp.inf112.projects.robotsim.app.SimulatorApplication</class>
  <method>main</method>
  <thread>1</thread>
  <message>With parameters [].</message>
</record>
<record>
  <date>2024-10-21T11:27:06.528266877Z</date>
  <millis>1729510026528</millis>
  <nanos>266877</nanos>
  <sequence>2</sequence>
  <logger>sun.awt.X11.backingStore.XToolkit</logger>
  <level>CONFIG</level>
  <class>sun.awt.X11.XToolkit</class>
  <method>setBackingStoreType</method>
  <thread>1</thread>
  <message>The system property sun.awt.backingStore is not set, by default backingStore=NotUseful</message>
</record>
</log>
