<?xml version="1.0" encoding="UTF-8" standalone="no"?>
<!DOCTYPE log SYSTEM "logger.dtd">
<log>
<record>
  <date>2024-10-16T12:01:11.751759730Z</date>
  <millis>1729080071751</millis>
  <nanos>759730</nanos>
  <sequence>0</sequence>
  <logger>fr.tp.inf112.projects.robotsim.app.SimulatorApplication</logger>
  <level>INFO</level>
  <class>fr.tp.inf112.projects.robotsim.app.SimulatorApplication</class>
  <method>main</method>
  <thread>1</thread>
  <message>Starting the robot simulator...</message>
</record>
<record>
  <date>2024-10-16T12:01:11.793047496Z</date>
  <millis>1729080071793</millis>
  <nanos>47496</nanos>
  <sequence>1</sequence>
  <logger>fr.tp.inf112.projects.robotsim.app.SimulatorApplication</logger>
  <level>CONFIG</level>
  <class>fr.tp.inf112.projects.robotsim.app.SimulatorApplication</class>
  <method>main</method>
  <thread>1</thread>
  <message>With parameters [].</message>
</record>
<record>
  <date>2024-10-16T12:01:11.835521990Z</date>
  <millis>1729080071835</millis>
  <nanos>521990</nanos>
  <sequence>2</sequence>
  <logger>sun.awt.X11.backingStore.XToolkit</logger>
  <level>CONFIG</level>
  <class>sun.awt.X11.XToolkit</class>
  <method>setBackingStoreType</method>
  <thread>1</thread>
  <message>The system property sun.awt.backingStore is not set, by default backingStore=NotUseful</message>
</record>
</log>
